Build started 12/28/2017 9:06:29 PM.
     1>Project "A:\Projects\C++\Neural Gamer\NeuralGamer.vcxproj" on node 2 (Build target(s)).
     1>ClCompile:
         A:\Programs\Microsoft Visual Studio 12.0\VC\bin\CL.exe /c /AI"C:\Program Files (x86)\Reference Assemblies\Microsoft\Framework\.NETFramework\v4.5.2\\" /AI"C:\Program Files (x86)\Windows Kits\8.1\References\CommonConfiguration\Neutral" /AI"C:\Program Files (x86)\Reference Assemblies\Microsoft\Framework\.NETFramework\v4.5.2\Facades\\" /Zi /clr /nologo /W3 /WX- /Od /Oy- /D WIN32 /D _DEBUG /D _UNICODE /D UNICODE /EHa /MDd /GS /fp:precise /Zc:wchar_t /Zc:forScope /Fo"Debug\\" /Fd"Debug\vc120.pdb" /TP /FU"C:\Program Files (x86)\Reference Assemblies\Microsoft\Framework\.NETFramework\v4.5.2\mscorlib.dll" /FU"C:\Program Files (x86)\Reference Assemblies\Microsoft\Framework\.NETFramework\v4.5.2\PresentationCore.dll" /FU"C:\Program Files (x86)\Reference Assemblies\Microsoft\Framework\.NETFramework\v4.5.2\PresentationFramework.dll" /FU"C:\Program Files (x86)\Reference Assemblies\Microsoft\Framework\.NETFramework\v4.5.2\System.Data.dll" /FU"C:\Program Files (x86)\Reference Assemblies\Microsoft\Framework\.NETFramework\v4.5.2\System.dll" /FU"C:\Program Files (x86)\Reference Assemblies\Microsoft\Framework\.NETFramework\v4.5.2\System.Drawing.dll" /FU"C:\Program Files (x86)\Reference Assemblies\Microsoft\Framework\.NETFramework\v4.5.2\System.Windows.Forms.dll" /FU"C:\Program Files (x86)\Reference Assemblies\Microsoft\Framework\.NETFramework\v4.5.2\System.Xaml.dll" /FU"C:\Program Files (x86)\Reference Assemblies\Microsoft\Framework\.NETFramework\v4.5.2\System.Xml.dll" /FU"C:\Program Files (x86)\Reference Assemblies\Microsoft\Framework\.NETFramework\v4.5.2\UIAutomationProvider.dll" /FU"C:\Program Files (x86)\Reference Assemblies\Microsoft\Framework\.NETFramework\v4.5.2\WindowsBase.dll" /FU"C:\Program Files (x86)\Reference Assemblies\Microsoft\Framework\.NETFramework\v4.5.2\WindowsFormsIntegration.dll" /analyze- /errorReport:prompt /clr:nostdlib MainForm.cpp "Neural Network\NeuralNetwork.cpp" noise.cpp Patterns.cpp
         MainForm.cpp
     1>a:\projects\c++\neural gamer\autoco.h(46): warning C4244: 'initializing' : conversion from 'long' to 'uint16_t', possible loss of data
     1>a:\projects\c++\neural gamer\autoco.h(47): warning C4244: 'initializing' : conversion from 'long' to 'uint16_t', possible loss of data
     1>a:\projects\c++\neural gamer\neural network\..\math.h(368): warning C4244: 'return' : conversion from 'double' to 'float', possible loss of data
     1>a:\projects\c++\neural gamer\neural network\..\math.h(374): warning C4244: 'return' : conversion from 'double' to 'float', possible loss of data
     1>a:\projects\c++\neural gamer\MainForm.h(91): warning C4244: 'argument' : conversion from 'LONG' to 'float', possible loss of data
     1>a:\projects\c++\neural gamer\MainForm.h(92): warning C4244: 'argument' : conversion from 'LONG' to 'float', possible loss of data
     1>a:\projects\c++\neural gamer\MainForm.h(93): warning C4244: 'argument' : conversion from 'long' to 'float', possible loss of data
     1>a:\projects\c++\neural gamer\MainForm.h(94): warning C4244: 'argument' : conversion from 'long' to 'float', possible loss of data
     1>a:\projects\c++\neural gamer\MainForm.h(99): warning C4244: 'initializing' : conversion from 'float' to 'int', possible loss of data
     1>a:\projects\c++\neural gamer\MainForm.h(117): warning C4244: 'initializing' : conversion from 'float' to 'LONG', possible loss of data
     1>a:\projects\c++\neural gamer\MainForm.h(118): warning C4244: 'initializing' : conversion from 'float' to 'LONG', possible loss of data
     1>a:\projects\c++\neural gamer\MainForm.h(129): warning C4244: 'argument' : conversion from 'float' to 'UINT16', possible loss of data
     1>a:\projects\c++\neural gamer\MainForm.h(131): warning C4244: 'argument' : conversion from 'float' to 'int', possible loss of data
     1>a:\projects\c++\neural gamer\MainForm.h(132): warning C4244: 'argument' : conversion from 'float' to 'int', possible loss of data
     1>a:\projects\c++\neural gamer\MainForm.h(158): warning C4244: 'argument' : conversion from 'float' to 'int', possible loss of data
     1>a:\projects\c++\neural gamer\MainForm.h(159): warning C4244: 'argument' : conversion from 'double' to 'int', possible loss of data
         NeuralNetwork.cpp
     1>a:\projects\c++\neural gamer\neural network\..\math.h(368): warning C4244: 'return' : conversion from 'double' to 'float', possible loss of data
     1>a:\projects\c++\neural gamer\neural network\..\math.h(374): warning C4244: 'return' : conversion from 'double' to 'float', possible loss of data
     1>Neural Network\NeuralNetwork.cpp(23): warning C4018: '<' : signed/unsigned mismatch
     1>Neural Network\NeuralNetwork.cpp(82): warning C4018: '<' : signed/unsigned mismatch
     1>Neural Network\NeuralNetwork.cpp(105): warning C4018: '<' : signed/unsigned mismatch
     1>Neural Network\NeuralNetwork.cpp(119): warning C4244: 'initializing' : conversion from 'int' to 'float', possible loss of data
     1>Neural Network\NeuralNetwork.cpp(150): warning C4018: '<' : signed/unsigned mismatch
         noise.cpp
         Patterns.cpp
     1>a:\projects\c++\neural gamer\autoco.h(46): warning C4244: 'initializing' : conversion from 'long' to 'uint16_t', possible loss of data
     1>a:\projects\c++\neural gamer\autoco.h(47): warning C4244: 'initializing' : conversion from 'long' to 'uint16_t', possible loss of data
     1>a:\projects\c++\neural gamer\neural network\..\math.h(368): warning C4244: 'return' : conversion from 'double' to 'float', possible loss of data
     1>a:\projects\c++\neural gamer\neural network\..\math.h(374): warning C4244: 'return' : conversion from 'double' to 'float', possible loss of data
         Generating Code...
         A:\Programs\Microsoft Visual Studio 12.0\VC\bin\CL.exe /c /Zi /clr /nologo /W3 /WX- /Od /Oy- /D WIN32 /D _DEBUG /D _UNICODE /D UNICODE /EHa /MDd /GS /fp:precise /Zc:wchar_t /Zc:forScope /Fo"Debug\\" /Fd"Debug\vc120.pdb" /TP /analyze- /errorReport:prompt "C:\Users\someone\AppData\Local\Temp\.NETFramework,Version=v4.5.2.AssemblyAttributes.cpp"
         .NETFramework,Version=v4.5.2.AssemblyAttributes.cpp
       Link:
         A:\Programs\Microsoft Visual Studio 12.0\VC\bin\link.exe /ERRORREPORT:PROMPT /OUT:"A:\Projects\C++\Neural Gamer\Debug\NeuralGamer.exe" /INCREMENTAL /NOLOGO Gdi32.lib kernel32.lib user32.lib gdi32.lib winspool.lib comdlg32.lib advapi32.lib shell32.lib ole32.lib oleaut32.lib uuid.lib odbc32.lib odbccp32.lib /ASSEMBLYRESOURCE:Debug\NeuralGamer.MainForm.resources /MANIFEST /MANIFESTUAC:"level='asInvoker' uiAccess='false'" /manifest:embed /DEBUG /PDB:"A:\Projects\C++\Neural Gamer\Debug\NeuralGamer.pdb" /ASSEMBLYDEBUG /SUBSYSTEM:CONSOLE /TLBID:1 /ENTRY:"main" /DYNAMICBASE /FIXED:NO /NXCOMPAT /MACHINE:X86 Debug\MainForm.obj
         Debug\NeuralNetwork.obj
         Debug\noise.obj
         Debug\Patterns.obj
         "Debug\.NETFramework,Version=v4.5.2.AssemblyAttributes.obj"
         NeuralGamer.vcxproj -> A:\Projects\C++\Neural Gamer\Debug\NeuralGamer.exe
     1>Done Building Project "A:\Projects\C++\Neural Gamer\NeuralGamer.vcxproj" (Build target(s)).

Build succeeded.

Time Elapsed 00:00:04.68
